
> @elizaos/plugin-near@0.1.8+build.1 build C:\Users\91843\Desktop\eliza\packages\plugin-near
> tsup --format esm,cjs --dts

[34mCLI[39m Building entry: src/index.ts
[34mCLI[39m Using tsconfig: tsconfig.json
[34mCLI[39m tsup v8.3.5
[34mCLI[39m Using tsup config: C:\Users\91843\Desktop\eliza\packages\plugin-near\tsup.config.ts
[34mCLI[39m Target: es2020
[34mCLI[39m Cleaning output folder
[34mESM[39m Build start
[34mCJS[39m Build start
[34mDTS[39m Build start
Entry module "dist/index.cjs" is using named and default exports together. Consumers of your bundle will have to use `chunk.default` to access the default export, which may not be what you want. Use `output.exports: "named"` to disable this warning.
[32mESM[39m [1mdist\index.js     [22m[32m17.73 KB[39m
[32mESM[39m [1mdist\index.js.map [22m[32m42.56 KB[39m
[32mESM[39m ⚡️ Build success in 6277ms
[32mCJS[39m [1mdist\index.cjs     [22m[32m18.24 KB[39m
[32mCJS[39m [1mdist\index.cjs.map [22m[32m42.80 KB[39m
[32mCJS[39m ⚡️ Build success in 6277ms
[32mDTS[39m ⚡️ Build success in 12484ms
[32mDTS[39m [1mdist\index.d.ts  [22m[32m132.00 B[39m
[32mDTS[39m [1mdist\index.d.cts [22m[32m132.00 B[39m
