
> @elizaos/plugin-tee@0.1.8+build.1 build C:\Users\91843\Desktop\eliza\packages\plugin-tee
> tsup --format esm --dts

[34mCLI[39m Building entry: src/index.ts
[34mCLI[39m Using tsconfig: tsconfig.json
[34mCLI[39m tsup v8.3.5
[34mCLI[39m Using tsup config: C:\Users\91843\Desktop\eliza\packages\plugin-tee\tsup.config.ts
[34mCLI[39m Target: esnext
[34mCLI[39m Cleaning output folder
[34mESM[39m Build start
[34mDTS[39m Build start
[32mESM[39m [1mdist\secp256k1-QUTB2QC2.js     [22m[32m237.00 B[39m
[32mESM[39m [1mdist\ccip-IAE5UWYX.js          [22m[32m290.00 B[39m
[32mESM[39m [1mdist\index.js                  [22m[32m49.07 KB[39m
[32mESM[39m [1mdist\chunk-4L6P6TY5.js         [22m[32m80.02 KB[39m
[32mESM[39m [1mdist\_esm-FVHF6KDD.js          [22m[32m130.62 KB[39m
[32mESM[39m [1mdist\chunk-PR4QN5HX.js         [22m[32m1.87 KB[39m
[32mESM[39m [1mdist\chunk-KSHJJL6X.js         [22m[32m131.11 KB[39m
[32mESM[39m [1mdist\ccip-IAE5UWYX.js.map      [22m[32m71.00 B[39m
[32mESM[39m [1mdist\secp256k1-QUTB2QC2.js.map [22m[32m71.00 B[39m
[32mESM[39m [1mdist\index.js.map              [22m[32m139.30 KB[39m
[32mESM[39m [1mdist\chunk-4L6P6TY5.js.map     [22m[32m202.99 KB[39m
[32mESM[39m [1mdist\chunk-PR4QN5HX.js.map     [22m[32m71.00 B[39m
[32mESM[39m [1mdist\_esm-FVHF6KDD.js.map      [22m[32m211.12 KB[39m
[32mESM[39m [1mdist\chunk-KSHJJL6X.js.map     [22m[32m386.85 KB[39m
[32mESM[39m ⚡️ Build success in 18246ms
[32mDTS[39m ⚡️ Build success in 19905ms
[32mDTS[39m [1mdist\index.d.ts [22m[32m1.37 KB[39m
