
> @elizaos/plugin-node@0.1.8+build.1 build C:\Users\91843\Desktop\eliza\packages\plugin-node
> tsup --format esm --dts

[34mCLI[39m Building entry: src/index.ts
[34mCLI[39m Using tsconfig: tsconfig.json
[34mCLI[39m tsup v8.3.5
[34mCLI[39m Using tsup config: C:\Users\91843\Desktop\eliza\packages\plugin-node\tsup.config.ts
[34mCLI[39m Target: esnext
[34mCLI[39m Cleaning output folder
[34mESM[39m Build start
[34mDTS[39m Build start
[32mDTS[39m ⚡️ Build success in 12146ms
[32mDTS[39m [1mdist\index.d.ts [22m[32m8.14 KB[39m
[32mESM[39m [1mdist\node-ponyfill-XYSXBJLI.js     [22m[32m183.00 B[39m
[32mESM[39m [1mdist\chunk-PLDDJCW6.js             [22m[32m2.10 KB[39m
[32mESM[39m [1mdist\wrapper-ASOBW5EP.js           [22m[32m130.09 KB[39m
[32mESM[39m [1mdist\chunk-W2OETGYU.js             [22m[32m582.50 KB[39m
[32mESM[39m [1mdist\wrapper-ASOBW5EP.js.map       [22m[32m209.86 KB[39m
[32mESM[39m [1mdist\index.js                      [22m[32m386.59 KB[39m
[32mESM[39m [1mdist\chunk-PLDDJCW6.js.map         [22m[32m71.00 B[39m
[32mESM[39m [1mdist\node-ponyfill-XYSXBJLI.js.map [22m[32m71.00 B[39m
[32mESM[39m [1mdist\chunk-W2OETGYU.js.map         [22m[32m378.84 KB[39m
[32mESM[39m [1mdist\index.js.map                  [22m[32m1.04 MB[39m
[32mESM[39m ⚡️ Build success in 44999ms
